2021-04-03 16:18:59.415  INFO 5440 --- [restartedMain] c.evanshop.admin.WebBackendApplication   : Starting WebBackendApplication using Java 15.0.1 on DESKTOP-FDO41EA with PID 5440 (F:\Projects\EvanShopProject\ShopProject\ShopWebParent\WebBackend\target\classes started by vanvu in F:\Projects\EvanShopProject\ShopProject\ShopWebParent\WebBackend)
2021-04-03 16:18:59.416 DEBUG 5440 --- [restartedMain] c.evanshop.admin.WebBackendApplication   : Running with Spring Boot v2.4.4, Spring v5.3.5
2021-04-03 16:18:59.416  INFO 5440 --- [restartedMain] c.evanshop.admin.WebBackendApplication   : No active profile set, falling back to default profiles: default
2021-04-03 16:18:59.726  WARN 5440 --- [restartedMain] JpaBaseConfiguration$JpaWebConfiguration : spring.jpa.open-in-view is enabled by default. Therefore, database queries may be performed during view rendering. Explicitly configure spring.jpa.open-in-view to disable this warning
2021-04-03 16:19:00.032  INFO 5440 --- [restartedMain] c.evanshop.admin.WebBackendApplication   : Started WebBackendApplication in 0.654 seconds (JVM running for 223.646)
2021-04-03 16:19:38.092  INFO 5440 --- [restartedMain] c.evanshop.admin.WebBackendApplication   : Starting WebBackendApplication using Java 15.0.1 on DESKTOP-FDO41EA with PID 5440 (F:\Projects\EvanShopProject\ShopProject\ShopWebParent\WebBackend\target\classes started by vanvu in F:\Projects\EvanShopProject\ShopProject\ShopWebParent\WebBackend)
2021-04-03 16:19:38.092 DEBUG 5440 --- [restartedMain] c.evanshop.admin.WebBackendApplication   : Running with Spring Boot v2.4.4, Spring v5.3.5
2021-04-03 16:19:38.092  INFO 5440 --- [restartedMain] c.evanshop.admin.WebBackendApplication   : No active profile set, falling back to default profiles: default
2021-04-03 16:19:38.422  WARN 5440 --- [restartedMain] JpaBaseConfiguration$JpaWebConfiguration : spring.jpa.open-in-view is enabled by default. Therefore, database queries may be performed during view rendering. Explicitly configure spring.jpa.open-in-view to disable this warning
2021-04-03 16:19:38.715  INFO 5440 --- [restartedMain] c.evanshop.admin.WebBackendApplication   : Started WebBackendApplication in 0.644 seconds (JVM running for 262.328)
2021-04-03 16:20:27.736  INFO 5576 --- [restartedMain] c.evanshop.admin.WebBackendApplication   : Starting WebBackendApplication using Java 15.0.1 on DESKTOP-FDO41EA with PID 5576 (F:\Projects\EvanShopProject\ShopProject\ShopWebParent\WebBackend\target\classes started by vanvu in F:\Projects\EvanShopProject\ShopProject\ShopWebParent\WebBackend)
2021-04-03 16:20:27.738 DEBUG 5576 --- [restartedMain] c.evanshop.admin.WebBackendApplication   : Running with Spring Boot v2.4.4, Spring v5.3.5
2021-04-03 16:20:27.738  INFO 5576 --- [restartedMain] c.evanshop.admin.WebBackendApplication   : No active profile set, falling back to default profiles: default
2021-04-03 16:20:29.879  WARN 5576 --- [restartedMain] JpaBaseConfiguration$JpaWebConfiguration : spring.jpa.open-in-view is enabled by default. Therefore, database queries may be performed during view rendering. Explicitly configure spring.jpa.open-in-view to disable this warning
2021-04-03 16:20:30.781  INFO 5576 --- [restartedMain] c.evanshop.admin.WebBackendApplication   : Started WebBackendApplication in 3.301 seconds (JVM running for 3.914)
2021-04-03 16:21:37.294  INFO 5576 --- [restartedMain] c.evanshop.admin.WebBackendApplication   : Starting WebBackendApplication using Java 15.0.1 on DESKTOP-FDO41EA with PID 5576 (F:\Projects\EvanShopProject\ShopProject\ShopWebParent\WebBackend\target\classes started by vanvu in F:\Projects\EvanShopProject\ShopProject\ShopWebParent\WebBackend)
2021-04-03 16:21:37.295 DEBUG 5576 --- [restartedMain] c.evanshop.admin.WebBackendApplication   : Running with Spring Boot v2.4.4, Spring v5.3.5
2021-04-03 16:21:37.295  INFO 5576 --- [restartedMain] c.evanshop.admin.WebBackendApplication   : No active profile set, falling back to default profiles: default
2021-04-03 16:21:37.639  WARN 5576 --- [restartedMain] JpaBaseConfiguration$JpaWebConfiguration : spring.jpa.open-in-view is enabled by default. Therefore, database queries may be performed during view rendering. Explicitly configure spring.jpa.open-in-view to disable this warning
2021-04-03 16:21:37.943  INFO 5576 --- [restartedMain] c.evanshop.admin.WebBackendApplication   : Started WebBackendApplication in 0.672 seconds (JVM running for 71.075)
2021-04-03 16:22:03.757  INFO 5576 --- [restartedMain] c.evanshop.admin.WebBackendApplication   : Starting WebBackendApplication using Java 15.0.1 on DESKTOP-FDO41EA with PID 5576 (F:\Projects\EvanShopProject\ShopProject\ShopWebParent\WebBackend\target\classes started by vanvu in F:\Projects\EvanShopProject\ShopProject\ShopWebParent\WebBackend)
2021-04-03 16:22:03.757 DEBUG 5576 --- [restartedMain] c.evanshop.admin.WebBackendApplication   : Running with Spring Boot v2.4.4, Spring v5.3.5
2021-04-03 16:22:03.757  INFO 5576 --- [restartedMain] c.evanshop.admin.WebBackendApplication   : No active profile set, falling back to default profiles: default
2021-04-03 16:22:04.068  WARN 5576 --- [restartedMain] JpaBaseConfiguration$JpaWebConfiguration : spring.jpa.open-in-view is enabled by default. Therefore, database queries may be performed during view rendering. Explicitly configure spring.jpa.open-in-view to disable this warning
2021-04-03 16:22:04.360  INFO 5576 --- [restartedMain] c.evanshop.admin.WebBackendApplication   : Started WebBackendApplication in 0.623 seconds (JVM running for 97.492)
2021-04-03 16:22:19.026  INFO 5576 --- [restartedMain] c.evanshop.admin.WebBackendApplication   : Starting WebBackendApplication using Java 15.0.1 on DESKTOP-FDO41EA with PID 5576 (F:\Projects\EvanShopProject\ShopProject\ShopWebParent\WebBackend\target\classes started by vanvu in F:\Projects\EvanShopProject\ShopProject\ShopWebParent\WebBackend)
2021-04-03 16:22:19.027 DEBUG 5576 --- [restartedMain] c.evanshop.admin.WebBackendApplication   : Running with Spring Boot v2.4.4, Spring v5.3.5
2021-04-03 16:22:19.027  INFO 5576 --- [restartedMain] c.evanshop.admin.WebBackendApplication   : No active profile set, falling back to default profiles: default
2021-04-03 16:22:19.330  WARN 5576 --- [restartedMain] JpaBaseConfiguration$JpaWebConfiguration : spring.jpa.open-in-view is enabled by default. Therefore, database queries may be performed during view rendering. Explicitly configure spring.jpa.open-in-view to disable this warning
2021-04-03 16:22:19.612  INFO 5576 --- [restartedMain] c.evanshop.admin.WebBackendApplication   : Started WebBackendApplication in 0.606 seconds (JVM running for 112.744)
2021-04-03 16:22:32.254  INFO 5576 --- [restartedMain] c.evanshop.admin.WebBackendApplication   : Starting WebBackendApplication using Java 15.0.1 on DESKTOP-FDO41EA with PID 5576 (F:\Projects\EvanShopProject\ShopProject\ShopWebParent\WebBackend\target\classes started by vanvu in F:\Projects\EvanShopProject\ShopProject\ShopWebParent\WebBackend)
2021-04-03 16:22:32.254 DEBUG 5576 --- [restartedMain] c.evanshop.admin.WebBackendApplication   : Running with Spring Boot v2.4.4, Spring v5.3.5
2021-04-03 16:22:32.254  INFO 5576 --- [restartedMain] c.evanshop.admin.WebBackendApplication   : No active profile set, falling back to default profiles: default
2021-04-03 16:22:32.551  WARN 5576 --- [restartedMain] JpaBaseConfiguration$JpaWebConfiguration : spring.jpa.open-in-view is enabled by default. Therefore, database queries may be performed during view rendering. Explicitly configure spring.jpa.open-in-view to disable this warning
2021-04-03 16:22:32.841  INFO 5576 --- [restartedMain] c.evanshop.admin.WebBackendApplication   : Started WebBackendApplication in 0.606 seconds (JVM running for 125.973)
2021-04-03 16:22:42.431  INFO 5576 --- [restartedMain] c.evanshop.admin.WebBackendApplication   : Starting WebBackendApplication using Java 15.0.1 on DESKTOP-FDO41EA with PID 5576 (F:\Projects\EvanShopProject\ShopProject\ShopWebParent\WebBackend\target\classes started by vanvu in F:\Projects\EvanShopProject\ShopProject\ShopWebParent\WebBackend)
2021-04-03 16:22:42.431 DEBUG 5576 --- [restartedMain] c.evanshop.admin.WebBackendApplication   : Running with Spring Boot v2.4.4, Spring v5.3.5
2021-04-03 16:22:42.431  INFO 5576 --- [restartedMain] c.evanshop.admin.WebBackendApplication   : No active profile set, falling back to default profiles: default
2021-04-03 16:22:42.731  WARN 5576 --- [restartedMain] JpaBaseConfiguration$JpaWebConfiguration : spring.jpa.open-in-view is enabled by default. Therefore, database queries may be performed during view rendering. Explicitly configure spring.jpa.open-in-view to disable this warning
2021-04-03 16:22:42.995  INFO 5576 --- [restartedMain] c.evanshop.admin.WebBackendApplication   : Started WebBackendApplication in 0.585 seconds (JVM running for 136.128)
2021-04-03 16:23:18.014  INFO 5576 --- [restartedMain] c.evanshop.admin.WebBackendApplication   : Starting WebBackendApplication using Java 15.0.1 on DESKTOP-FDO41EA with PID 5576 (F:\Projects\EvanShopProject\ShopProject\ShopWebParent\WebBackend\target\classes started by vanvu in F:\Projects\EvanShopProject\ShopProject\ShopWebParent\WebBackend)
2021-04-03 16:23:18.014 DEBUG 5576 --- [restartedMain] c.evanshop.admin.WebBackendApplication   : Running with Spring Boot v2.4.4, Spring v5.3.5
2021-04-03 16:23:18.014  INFO 5576 --- [restartedMain] c.evanshop.admin.WebBackendApplication   : No active profile set, falling back to default profiles: default
2021-04-03 16:23:18.313  WARN 5576 --- [restartedMain] JpaBaseConfiguration$JpaWebConfiguration : spring.jpa.open-in-view is enabled by default. Therefore, database queries may be performed during view rendering. Explicitly configure spring.jpa.open-in-view to disable this warning
2021-04-03 16:23:18.594  INFO 5576 --- [restartedMain] c.evanshop.admin.WebBackendApplication   : Started WebBackendApplication in 0.599 seconds (JVM running for 171.727)
2021-04-03 16:23:24.157  INFO 5576 --- [restartedMain] c.evanshop.admin.WebBackendApplication   : Starting WebBackendApplication using Java 15.0.1 on DESKTOP-FDO41EA with PID 5576 (F:\Projects\EvanShopProject\ShopProject\ShopWebParent\WebBackend\target\classes started by vanvu in F:\Projects\EvanShopProject\ShopProject\ShopWebParent\WebBackend)
2021-04-03 16:23:24.157 DEBUG 5576 --- [restartedMain] c.evanshop.admin.WebBackendApplication   : Running with Spring Boot v2.4.4, Spring v5.3.5
2021-04-03 16:23:24.157  INFO 5576 --- [restartedMain] c.evanshop.admin.WebBackendApplication   : No active profile set, falling back to default profiles: default
2021-04-03 16:23:24.451  WARN 5576 --- [restartedMain] JpaBaseConfiguration$JpaWebConfiguration : spring.jpa.open-in-view is enabled by default. Therefore, database queries may be performed during view rendering. Explicitly configure spring.jpa.open-in-view to disable this warning
2021-04-03 16:23:24.721  INFO 5576 --- [restartedMain] c.evanshop.admin.WebBackendApplication   : Started WebBackendApplication in 0.585 seconds (JVM running for 177.854)
2021-04-03 16:25:04.366  INFO 5576 --- [restartedMain] c.evanshop.admin.WebBackendApplication   : Starting WebBackendApplication using Java 15.0.1 on DESKTOP-FDO41EA with PID 5576 (F:\Projects\EvanShopProject\ShopProject\ShopWebParent\WebBackend\target\classes started by vanvu in F:\Projects\EvanShopProject\ShopProject\ShopWebParent\WebBackend)
2021-04-03 16:25:04.366 DEBUG 5576 --- [restartedMain] c.evanshop.admin.WebBackendApplication   : Running with Spring Boot v2.4.4, Spring v5.3.5
2021-04-03 16:25:04.366  INFO 5576 --- [restartedMain] c.evanshop.admin.WebBackendApplication   : No active profile set, falling back to default profiles: default
2021-04-03 16:25:04.656  WARN 5576 --- [restartedMain] JpaBaseConfiguration$JpaWebConfiguration : spring.jpa.open-in-view is enabled by default. Therefore, database queries may be performed during view rendering. Explicitly configure spring.jpa.open-in-view to disable this warning
2021-04-03 16:25:04.930  INFO 5576 --- [restartedMain] c.evanshop.admin.WebBackendApplication   : Started WebBackendApplication in 0.585 seconds (JVM running for 278.063)
2021-04-03 16:26:10.202  INFO 5576 --- [restartedMain] c.evanshop.admin.WebBackendApplication   : Starting WebBackendApplication using Java 15.0.1 on DESKTOP-FDO41EA with PID 5576 (F:\Projects\EvanShopProject\ShopProject\ShopWebParent\WebBackend\target\classes started by vanvu in F:\Projects\EvanShopProject\ShopProject\ShopWebParent\WebBackend)
2021-04-03 16:26:10.202 DEBUG 5576 --- [restartedMain] c.evanshop.admin.WebBackendApplication   : Running with Spring Boot v2.4.4, Spring v5.3.5
2021-04-03 16:26:10.202  INFO 5576 --- [restartedMain] c.evanshop.admin.WebBackendApplication   : No active profile set, falling back to default profiles: default
2021-04-03 16:26:10.501  WARN 5576 --- [restartedMain] JpaBaseConfiguration$JpaWebConfiguration : spring.jpa.open-in-view is enabled by default. Therefore, database queries may be performed during view rendering. Explicitly configure spring.jpa.open-in-view to disable this warning
2021-04-03 16:26:10.766  INFO 5576 --- [restartedMain] c.evanshop.admin.WebBackendApplication   : Started WebBackendApplication in 0.584 seconds (JVM running for 343.898)
2021-04-03 16:27:03.050  INFO 5576 --- [restartedMain] c.evanshop.admin.WebBackendApplication   : Starting WebBackendApplication using Java 15.0.1 on DESKTOP-FDO41EA with PID 5576 (F:\Projects\EvanShopProject\ShopProject\ShopWebParent\WebBackend\target\classes started by vanvu in F:\Projects\EvanShopProject\ShopProject\ShopWebParent\WebBackend)
2021-04-03 16:27:03.051 DEBUG 5576 --- [restartedMain] c.evanshop.admin.WebBackendApplication   : Running with Spring Boot v2.4.4, Spring v5.3.5
2021-04-03 16:27:03.051  INFO 5576 --- [restartedMain] c.evanshop.admin.WebBackendApplication   : No active profile set, falling back to default profiles: default
2021-04-03 16:27:03.358  WARN 5576 --- [restartedMain] JpaBaseConfiguration$JpaWebConfiguration : spring.jpa.open-in-view is enabled by default. Therefore, database queries may be performed during view rendering. Explicitly configure spring.jpa.open-in-view to disable this warning
2021-04-03 16:27:03.629  INFO 5576 --- [restartedMain] c.evanshop.admin.WebBackendApplication   : Started WebBackendApplication in 0.597 seconds (JVM running for 396.761)
2021-04-03 16:27:21.343  INFO 5576 --- [restartedMain] c.evanshop.admin.WebBackendApplication   : Starting WebBackendApplication using Java 15.0.1 on DESKTOP-FDO41EA with PID 5576 (F:\Projects\EvanShopProject\ShopProject\ShopWebParent\WebBackend\target\classes started by vanvu in F:\Projects\EvanShopProject\ShopProject\ShopWebParent\WebBackend)
2021-04-03 16:27:21.343 DEBUG 5576 --- [restartedMain] c.evanshop.admin.WebBackendApplication   : Running with Spring Boot v2.4.4, Spring v5.3.5
2021-04-03 16:27:21.343  INFO 5576 --- [restartedMain] c.evanshop.admin.WebBackendApplication   : No active profile set, falling back to default profiles: default
2021-04-03 16:27:21.639  WARN 5576 --- [restartedMain] JpaBaseConfiguration$JpaWebConfiguration : spring.jpa.open-in-view is enabled by default. Therefore, database queries may be performed during view rendering. Explicitly configure spring.jpa.open-in-view to disable this warning
2021-04-03 16:27:21.928  INFO 5576 --- [restartedMain] c.evanshop.admin.WebBackendApplication   : Started WebBackendApplication in 0.604 seconds (JVM running for 415.061)
2021-04-03 16:27:32.574  INFO 5576 --- [restartedMain] c.evanshop.admin.WebBackendApplication   : Starting WebBackendApplication using Java 15.0.1 on DESKTOP-FDO41EA with PID 5576 (F:\Projects\EvanShopProject\ShopProject\ShopWebParent\WebBackend\target\classes started by vanvu in F:\Projects\EvanShopProject\ShopProject\ShopWebParent\WebBackend)
2021-04-03 16:27:32.574 DEBUG 5576 --- [restartedMain] c.evanshop.admin.WebBackendApplication   : Running with Spring Boot v2.4.4, Spring v5.3.5
2021-04-03 16:27:32.574  INFO 5576 --- [restartedMain] c.evanshop.admin.WebBackendApplication   : No active profile set, falling back to default profiles: default
2021-04-03 16:27:32.887  WARN 5576 --- [restartedMain] JpaBaseConfiguration$JpaWebConfiguration : spring.jpa.open-in-view is enabled by default. Therefore, database queries may be performed during view rendering. Explicitly configure spring.jpa.open-in-view to disable this warning
2021-04-03 16:27:33.184  INFO 5576 --- [restartedMain] c.evanshop.admin.WebBackendApplication   : Started WebBackendApplication in 0.63 seconds (JVM running for 426.317)
2021-04-03 16:27:36.720  INFO 5576 --- [restartedMain] c.evanshop.admin.WebBackendApplication   : Starting WebBackendApplication using Java 15.0.1 on DESKTOP-FDO41EA with PID 5576 (F:\Projects\EvanShopProject\ShopProject\ShopWebParent\WebBackend\target\classes started by vanvu in F:\Projects\EvanShopProject\ShopProject\ShopWebParent\WebBackend)
2021-04-03 16:27:36.720 DEBUG 5576 --- [restartedMain] c.evanshop.admin.WebBackendApplication   : Running with Spring Boot v2.4.4, Spring v5.3.5
2021-04-03 16:27:36.720  INFO 5576 --- [restartedMain] c.evanshop.admin.WebBackendApplication   : No active profile set, falling back to default profiles: default
2021-04-03 16:27:37.003  WARN 5576 --- [restartedMain] JpaBaseConfiguration$JpaWebConfiguration : spring.jpa.open-in-view is enabled by default. Therefore, database queries may be performed during view rendering. Explicitly configure spring.jpa.open-in-view to disable this warning
2021-04-03 16:27:37.282  INFO 5576 --- [restartedMain] c.evanshop.admin.WebBackendApplication   : Started WebBackendApplication in 0.582 seconds (JVM running for 430.415)
2021-04-03 16:27:43.857  INFO 5576 --- [restartedMain] c.evanshop.admin.WebBackendApplication   : Starting WebBackendApplication using Java 15.0.1 on DESKTOP-FDO41EA with PID 5576 (F:\Projects\EvanShopProject\ShopProject\ShopWebParent\WebBackend\target\classes started by vanvu in F:\Projects\EvanShopProject\ShopProject\ShopWebParent\WebBackend)
2021-04-03 16:27:43.857 DEBUG 5576 --- [restartedMain] c.evanshop.admin.WebBackendApplication   : Running with Spring Boot v2.4.4, Spring v5.3.5
2021-04-03 16:27:43.858  INFO 5576 --- [restartedMain] c.evanshop.admin.WebBackendApplication   : No active profile set, falling back to default profiles: default
2021-04-03 16:27:44.136  WARN 5576 --- [restartedMain] JpaBaseConfiguration$JpaWebConfiguration : spring.jpa.open-in-view is enabled by default. Therefore, database queries may be performed during view rendering. Explicitly configure spring.jpa.open-in-view to disable this warning
2021-04-03 16:27:44.412  INFO 5576 --- [restartedMain] c.evanshop.admin.WebBackendApplication   : Started WebBackendApplication in 0.573 seconds (JVM running for 437.545)
2021-04-03 16:27:46.949  INFO 5576 --- [restartedMain] c.evanshop.admin.WebBackendApplication   : Starting WebBackendApplication using Java 15.0.1 on DESKTOP-FDO41EA with PID 5576 (F:\Projects\EvanShopProject\ShopProject\ShopWebParent\WebBackend\target\classes started by vanvu in F:\Projects\EvanShopProject\ShopProject\ShopWebParent\WebBackend)
2021-04-03 16:27:46.949 DEBUG 5576 --- [restartedMain] c.evanshop.admin.WebBackendApplication   : Running with Spring Boot v2.4.4, Spring v5.3.5
2021-04-03 16:27:46.949  INFO 5576 --- [restartedMain] c.evanshop.admin.WebBackendApplication   : No active profile set, falling back to default profiles: default
2021-04-03 16:27:47.274  WARN 5576 --- [restartedMain] JpaBaseConfiguration$JpaWebConfiguration : spring.jpa.open-in-view is enabled by default. Therefore, database queries may be performed during view rendering. Explicitly configure spring.jpa.open-in-view to disable this warning
2021-04-03 16:27:47.582  INFO 5576 --- [restartedMain] c.evanshop.admin.WebBackendApplication   : Started WebBackendApplication in 0.654 seconds (JVM running for 440.714)
2021-04-03 16:27:56.171  INFO 5576 --- [restartedMain] c.evanshop.admin.WebBackendApplication   : Starting WebBackendApplication using Java 15.0.1 on DESKTOP-FDO41EA with PID 5576 (F:\Projects\EvanShopProject\ShopProject\ShopWebParent\WebBackend\target\classes started by vanvu in F:\Projects\EvanShopProject\ShopProject\ShopWebParent\WebBackend)
2021-04-03 16:27:56.171 DEBUG 5576 --- [restartedMain] c.evanshop.admin.WebBackendApplication   : Running with Spring Boot v2.4.4, Spring v5.3.5
2021-04-03 16:27:56.172  INFO 5576 --- [restartedMain] c.evanshop.admin.WebBackendApplication   : No active profile set, falling back to default profiles: default
2021-04-03 16:27:56.452  WARN 5576 --- [restartedMain] JpaBaseConfiguration$JpaWebConfiguration : spring.jpa.open-in-view is enabled by default. Therefore, database queries may be performed during view rendering. Explicitly configure spring.jpa.open-in-view to disable this warning
2021-04-03 16:27:56.723  INFO 5576 --- [restartedMain] c.evanshop.admin.WebBackendApplication   : Started WebBackendApplication in 0.569 seconds (JVM running for 449.856)
2021-04-03 16:28:02.265  INFO 5576 --- [restartedMain] c.evanshop.admin.WebBackendApplication   : Starting WebBackendApplication using Java 15.0.1 on DESKTOP-FDO41EA with PID 5576 (F:\Projects\EvanShopProject\ShopProject\ShopWebParent\WebBackend\target\classes started by vanvu in F:\Projects\EvanShopProject\ShopProject\ShopWebParent\WebBackend)
2021-04-03 16:28:02.265 DEBUG 5576 --- [restartedMain] c.evanshop.admin.WebBackendApplication   : Running with Spring Boot v2.4.4, Spring v5.3.5
2021-04-03 16:28:02.265  INFO 5576 --- [restartedMain] c.evanshop.admin.WebBackendApplication   : No active profile set, falling back to default profiles: default
2021-04-03 16:28:02.551  WARN 5576 --- [restartedMain] JpaBaseConfiguration$JpaWebConfiguration : spring.jpa.open-in-view is enabled by default. Therefore, database queries may be performed during view rendering. Explicitly configure spring.jpa.open-in-view to disable this warning
2021-04-03 16:28:02.864  INFO 5576 --- [restartedMain] c.evanshop.admin.WebBackendApplication   : Started WebBackendApplication in 0.618 seconds (JVM running for 455.996)
